<?xml version="1.0" encoding="UTF-8"?>
<!-- Generated by org.testng.reporters.JUnitReportReporter -->
<testsuite skipped="0" hostname="DESKTOP-GORB4NR" name="tests.FrameTest" tests="1" failures="0" timestamp="26 Mar 2020 19:18:12 GMT" time="18.471" errors="0">
  <testcase name="DraggedAndDropped" time="18.471" classname="tests.FrameTest"/>
</testsuite> <!-- tests.FrameTest -->
